20-10-18 17:37:17.236 :   task: srmd
  model: plain
  gpu_ids: [0]
  scale: 4
  n_channels: 3
  sigma: [0, 50]
  sigma_test: 0
  merge_bn: False
  merge_bn_startpoint: 400000
  path:[
    root: superresolution
    pretrained_netG: None
    task: superresolution\srmd
    log: superresolution\srmd
    options: superresolution\srmd\options
    models: superresolution\srmd\models
    images: superresolution\srmd\images
  ]
  datasets:[
    train:[
      name: train_dataset
      dataset_type: srmd
      dataroot_H: trainsets/trainH
      dataroot_L: None
      H_size: 96
      dataloader_shuffle: True
      dataloader_num_workers: 8
      dataloader_batch_size: 64
      phase: train
      scale: 4
      n_channels: 3
    ]
    test:[
      name: test_dataset
      dataset_type: srmd
      dataroot_H: testsets/set5
      dataroot_L: None
      phase: test
      scale: 4
      n_channels: 3
    ]
  ]
  netG:[
    net_type: srmd
    in_nc: 19
    out_nc: 3
    nc: 128
    nb: 12
    gc: 32
    ng: 2
    reduction: 16
    act_mode: R
    upsample_mode: pixelshuffle
    downsample_mode: strideconv
    init_type: orthogonal
    init_bn_type: uniform
    init_gain: 0.2
    scale: 4
  ]
  train:[
    G_lossfn_type: l1
    G_lossfn_weight: 1.0
    G_optimizer_type: adam
    G_optimizer_lr: 0.0001
    G_optimizer_clipgrad: None
    G_scheduler_type: MultiStepLR
    G_scheduler_milestones: [200000, 400000, 600000, 800000, 1000000, 2000000]
    G_scheduler_gamma: 0.5
    G_regularizer_orthstep: None
    G_regularizer_clipstep: None
    checkpoint_test: 5
    checkpoint_save: 5
    checkpoint_print: 200
  ]
  opt_path: options/train_srmd.json
  is_train: True

20-10-18 17:37:17.241 : loading PCA projection matrix...
20-10-18 17:37:17.242 : Random seed: 674
20-10-18 17:37:17.332 : Number of train images: 95, iters: 2
20-10-18 17:37:41.990 :   task: srmd
  model: plain
  gpu_ids: [0]
  scale: 4
  n_channels: 3
  sigma: [0, 50]
  sigma_test: 0
  merge_bn: False
  merge_bn_startpoint: 400000
  path:[
    root: superresolution
    pretrained_netG: None
    task: superresolution\srmd
    log: superresolution\srmd
    options: superresolution\srmd\options
    models: superresolution\srmd\models
    images: superresolution\srmd\images
  ]
  datasets:[
    train:[
      name: train_dataset
      dataset_type: srmd
      dataroot_H: trainsets/trainH
      dataroot_L: None
      H_size: 96
      dataloader_shuffle: True
      dataloader_num_workers: 8
      dataloader_batch_size: 64
      phase: train
      scale: 4
      n_channels: 3
    ]
    test:[
      name: test_dataset
      dataset_type: srmd
      dataroot_H: testsets/set5
      dataroot_L: None
      phase: test
      scale: 4
      n_channels: 3
    ]
  ]
  netG:[
    net_type: srmd
    in_nc: 19
    out_nc: 3
    nc: 128
    nb: 12
    gc: 32
    ng: 2
    reduction: 16
    act_mode: R
    upsample_mode: pixelshuffle
    downsample_mode: strideconv
    init_type: orthogonal
    init_bn_type: uniform
    init_gain: 0.2
    scale: 4
  ]
  train:[
    G_lossfn_type: l1
    G_lossfn_weight: 1.0
    G_optimizer_type: adam
    G_optimizer_lr: 0.0001
    G_optimizer_clipgrad: None
    G_scheduler_type: MultiStepLR
    G_scheduler_milestones: [200000, 400000, 600000, 800000, 1000000, 2000000]
    G_scheduler_gamma: 0.5
    G_regularizer_orthstep: None
    G_regularizer_clipstep: None
    checkpoint_test: 5
    checkpoint_save: 5
    checkpoint_print: 200
  ]
  opt_path: options/train_srmd.json
  is_train: True

20-10-18 17:37:41.995 : loading PCA projection matrix...
20-10-18 17:37:41.996 : Random seed: 4572
20-10-18 17:37:42.125 : Number of train images: 95, iters: 2
20-10-18 17:37:45.488 : 
Networks name: SRMD
Params number: 1553200
Net structure:
SRMD(
  (model): Sequential(
    (0): Conv2d(19, 128, kernel_size=(3, 3), stride=(1, 1), padding=(1, 1))
    (1): ReLU(inplace=True)
    (2): Conv2d(128, 128, kernel_size=(3, 3), stride=(1, 1), padding=(1, 1))
    (3): ReLU(inplace=True)
    (4): Conv2d(128, 128, kernel_size=(3, 3), stride=(1, 1), padding=(1, 1))
    (5): ReLU(inplace=True)
    (6): Conv2d(128, 128, kernel_size=(3, 3), stride=(1, 1), padding=(1, 1))
    (7): ReLU(inplace=True)
    (8): Conv2d(128, 128, kernel_size=(3, 3), stride=(1, 1), padding=(1, 1))
    (9): ReLU(inplace=True)
    (10): Conv2d(128, 128, kernel_size=(3, 3), stride=(1, 1), padding=(1, 1))
    (11): ReLU(inplace=True)
    (12): Conv2d(128, 128, kernel_size=(3, 3), stride=(1, 1), padding=(1, 1))
    (13): ReLU(inplace=True)
    (14): Conv2d(128, 128, kernel_size=(3, 3), stride=(1, 1), padding=(1, 1))
    (15): ReLU(inplace=True)
    (16): Conv2d(128, 128, kernel_size=(3, 3), stride=(1, 1), padding=(1, 1))
    (17): ReLU(inplace=True)
    (18): Conv2d(128, 128, kernel_size=(3, 3), stride=(1, 1), padding=(1, 1))
    (19): ReLU(inplace=True)
    (20): Conv2d(128, 128, kernel_size=(3, 3), stride=(1, 1), padding=(1, 1))
    (21): ReLU(inplace=True)
    (22): Conv2d(128, 48, kernel_size=(3, 3), stride=(1, 1), padding=(1, 1))
    (23): PixelShuffle(upscale_factor=4)
  )
)

20-10-18 17:37:45.522 : 
 |  mean  |  min   |  max   |  std   || shape               
 |  0.000 | -0.057 |  0.061 |  0.015 | torch.Size([128, 19, 3, 3]) || model.0.weight
 |  0.000 |  0.000 |  0.000 |  0.000 | torch.Size([128]) || model.0.bias
 |  0.000 | -0.027 |  0.025 |  0.006 | torch.Size([128, 128, 3, 3]) || model.2.weight
 |  0.000 |  0.000 |  0.000 |  0.000 | torch.Size([128]) || model.2.bias
 |  0.000 | -0.025 |  0.024 |  0.006 | torch.Size([128, 128, 3, 3]) || model.4.weight
 |  0.000 |  0.000 |  0.000 |  0.000 | torch.Size([128]) || model.4.bias
 | -0.000 | -0.027 |  0.025 |  0.006 | torch.Size([128, 128, 3, 3]) || model.6.weight
 |  0.000 |  0.000 |  0.000 |  0.000 | torch.Size([128]) || model.6.bias
 | -0.000 | -0.025 |  0.027 |  0.006 | torch.Size([128, 128, 3, 3]) || model.8.weight
 |  0.000 |  0.000 |  0.000 |  0.000 | torch.Size([128]) || model.8.bias
 |  0.000 | -0.025 |  0.024 |  0.006 | torch.Size([128, 128, 3, 3]) || model.10.weight
 |  0.000 |  0.000 |  0.000 |  0.000 | torch.Size([128]) || model.10.bias
 | -0.000 | -0.026 |  0.024 |  0.006 | torch.Size([128, 128, 3, 3]) || model.12.weight
 |  0.000 |  0.000 |  0.000 |  0.000 | torch.Size([128]) || model.12.bias
 | -0.000 | -0.026 |  0.025 |  0.006 | torch.Size([128, 128, 3, 3]) || model.14.weight
 |  0.000 |  0.000 |  0.000 |  0.000 | torch.Size([128]) || model.14.bias
 | -0.000 | -0.026 |  0.027 |  0.006 | torch.Size([128, 128, 3, 3]) || model.16.weight
 |  0.000 |  0.000 |  0.000 |  0.000 | torch.Size([128]) || model.16.bias
 |  0.000 | -0.026 |  0.025 |  0.006 | torch.Size([128, 128, 3, 3]) || model.18.weight
 |  0.000 |  0.000 |  0.000 |  0.000 | torch.Size([128]) || model.18.bias
 |  0.000 | -0.025 |  0.027 |  0.006 | torch.Size([128, 128, 3, 3]) || model.20.weight
 |  0.000 |  0.000 |  0.000 |  0.000 | torch.Size([128]) || model.20.bias
 | -0.000 | -0.029 |  0.027 |  0.006 | torch.Size([48, 128, 3, 3]) || model.22.weight
 |  0.000 |  0.000 |  0.000 |  0.000 | torch.Size([48]) || model.22.bias

20-10-18 17:38:14.286 : epoch:  0 begin... 
20-10-18 17:38:18.662 : epoch:  0 done! 
20-10-18 17:38:46.921 : epoch:  1 begin... 
20-10-18 17:38:47.554 : epoch:  1 done! 
20-10-18 17:39:15.653 : epoch:  2 begin... 
20-10-18 17:39:16.284 : epoch:  2 done! 
20-10-18 17:39:43.732 : epoch:  3 begin... 
20-10-18 17:39:44.360 : epoch:  3 done! 
20-10-18 17:40:12.575 : epoch:  4 begin... 
20-10-18 17:40:13.206 : epoch:  4 done! 
20-10-18 17:40:13.206 : Saving the model.
20-10-18 17:40:17.291 : ---1-->   baby.bmp | 4.28dB
20-10-18 17:40:17.391 : ---2-->   bird.bmp | 9.12dB
20-10-18 17:40:17.467 : ---3--> butterfly.bmp | 5.43dB
20-10-18 17:40:17.559 : ---4-->   head.bmp | 8.26dB
20-10-18 17:40:17.656 : ---5-->  woman.bmp | 4.85dB
20-10-18 17:40:18.128 : <epoch:  4, iter:       5, Average PSNR : 6.39dB

20-10-18 17:40:44.805 : epoch:  5 begin... 
20-10-18 17:40:45.436 : epoch:  5 done! 
20-10-18 17:41:02.444 : epoch:  6 begin... 
20-10-18 17:41:03.076 : epoch:  6 done! 
20-10-18 17:41:22.852 : epoch:  7 begin... 
20-10-18 17:41:23.483 : epoch:  7 done! 
20-10-18 17:41:41.253 : epoch:  8 begin... 
20-10-18 17:41:41.885 : epoch:  8 done! 
20-10-18 17:41:56.648 : epoch:  9 begin... 
20-10-18 17:41:57.269 : epoch:  9 done! 
20-10-18 17:41:57.270 : Saving the model.
20-10-18 17:41:59.216 : ---1-->   baby.bmp | 4.30dB
20-10-18 17:41:59.295 : ---2-->   bird.bmp | 9.15dB
20-10-18 17:41:59.357 : ---3--> butterfly.bmp | 5.45dB
20-10-18 17:41:59.433 : ---4-->   head.bmp | 8.29dB
20-10-18 17:41:59.509 : ---5-->  woman.bmp | 4.87dB
20-10-18 17:41:59.753 : <epoch:  9, iter:      10, Average PSNR : 6.41dB

20-10-18 17:42:13.274 : epoch: 10 begin... 
20-10-18 17:42:13.904 : epoch: 10 done! 
20-10-18 17:42:31.285 : epoch: 11 begin... 
20-10-18 17:42:31.917 : epoch: 11 done! 
20-10-18 17:42:49.124 : epoch: 12 begin... 
20-10-18 17:42:49.800 : epoch: 12 done! 
20-10-18 17:43:05.447 : epoch: 13 begin... 
20-10-18 17:43:06.073 : epoch: 13 done! 
20-10-18 17:43:19.311 : epoch: 14 begin... 
20-10-18 17:43:19.934 : epoch: 14 done! 
20-10-18 17:43:19.934 : Saving the model.
20-10-18 17:43:21.617 : ---1-->   baby.bmp | 4.33dB
20-10-18 17:43:21.689 : ---2-->   bird.bmp | 9.19dB
20-10-18 17:43:21.745 : ---3--> butterfly.bmp | 5.49dB
20-10-18 17:43:21.815 : ---4-->   head.bmp | 8.33dB
20-10-18 17:43:21.884 : ---5-->  woman.bmp | 4.90dB
20-10-18 17:43:22.152 : <epoch: 14, iter:      15, Average PSNR : 6.45dB

20-10-18 17:43:35.603 : epoch: 15 begin... 
20-10-18 17:43:36.227 : epoch: 15 done! 
20-10-18 17:43:50.293 : epoch: 16 begin... 
20-10-18 17:43:50.920 : epoch: 16 done! 
20-10-18 17:44:04.365 : epoch: 17 begin... 
20-10-18 17:44:04.988 : epoch: 17 done! 
20-10-18 17:44:18.390 : epoch: 18 begin... 
20-10-18 17:44:19.012 : epoch: 18 done! 
20-10-18 17:44:32.588 : epoch: 19 begin... 
20-10-18 17:44:33.214 : epoch: 19 done! 
20-10-18 17:44:33.214 : Saving the model.
20-10-18 17:44:35.086 : ---1-->   baby.bmp | 4.38dB
20-10-18 17:44:35.167 : ---2-->   bird.bmp | 9.28dB
20-10-18 17:44:35.232 : ---3--> butterfly.bmp | 5.55dB
20-10-18 17:44:35.324 : ---4-->   head.bmp | 8.41dB
20-10-18 17:44:35.406 : ---5-->  woman.bmp | 4.96dB
20-10-18 17:44:35.671 : <epoch: 19, iter:      20, Average PSNR : 6.52dB

20-10-18 17:44:51.633 : epoch: 20 begin... 
20-10-18 17:44:52.256 : epoch: 20 done! 
20-10-18 17:45:06.285 : epoch: 21 begin... 
20-10-18 17:45:06.906 : epoch: 21 done! 
20-10-18 17:45:21.134 : epoch: 22 begin... 
20-10-18 17:45:21.763 : epoch: 22 done! 
20-10-18 17:45:36.359 : epoch: 23 begin... 
20-10-18 17:45:36.982 : epoch: 23 done! 
20-10-18 17:45:51.963 : epoch: 24 begin... 
20-10-18 17:45:52.584 : epoch: 24 done! 
20-10-18 17:45:52.584 : Saving the model.
20-10-18 17:45:54.296 : ---1-->   baby.bmp | 4.53dB
20-10-18 17:45:54.370 : ---2-->   bird.bmp | 9.50dB
20-10-18 17:45:54.426 : ---3--> butterfly.bmp | 5.71dB
20-10-18 17:45:54.497 : ---4-->   head.bmp | 8.60dB
20-10-18 17:45:54.569 : ---5-->  woman.bmp | 5.11dB
20-10-18 17:45:54.811 : <epoch: 24, iter:      25, Average PSNR : 6.69dB

20-10-18 17:46:08.015 : epoch: 25 begin... 
20-10-18 17:46:08.639 : epoch: 25 done! 
20-10-18 17:46:22.489 : epoch: 26 begin... 
20-10-18 17:46:23.111 : epoch: 26 done! 
20-10-18 17:46:37.778 : epoch: 27 begin... 
20-10-18 17:46:38.402 : epoch: 27 done! 
20-10-18 17:46:53.353 : epoch: 28 begin... 
20-10-18 17:46:53.981 : epoch: 28 done! 
20-10-18 17:47:07.711 : epoch: 29 begin... 
20-10-18 17:47:08.332 : epoch: 29 done! 
20-10-18 17:47:08.333 : Saving the model.
20-10-18 17:47:10.289 : ---1-->   baby.bmp | 5.00dB
20-10-18 17:47:10.367 : ---2-->   bird.bmp | 10.14dB
20-10-18 17:47:10.426 : ---3--> butterfly.bmp | 6.22dB
20-10-18 17:47:10.501 : ---4-->   head.bmp | 9.19dB
20-10-18 17:47:10.575 : ---5-->  woman.bmp | 5.60dB
20-10-18 17:47:10.811 : <epoch: 29, iter:      30, Average PSNR : 7.23dB

20-10-18 17:47:25.911 : epoch: 30 begin... 
20-10-18 17:47:26.533 : epoch: 30 done! 
20-10-18 17:47:40.433 : epoch: 31 begin... 
20-10-18 17:47:41.060 : epoch: 31 done! 
20-10-18 17:47:54.843 : epoch: 32 begin... 
20-10-18 17:47:55.468 : epoch: 32 done! 
20-10-18 17:48:11.463 : epoch: 33 begin... 
20-10-18 17:48:12.086 : epoch: 33 done! 
20-10-18 17:48:25.330 : epoch: 34 begin... 
20-10-18 17:48:25.955 : epoch: 34 done! 
20-10-18 17:48:25.955 : Saving the model.
20-10-18 17:48:27.739 : ---1-->   baby.bmp | 10.14dB
20-10-18 17:48:27.820 : ---2-->   bird.bmp | 13.01dB
20-10-18 17:48:27.882 : ---3--> butterfly.bmp | 10.51dB
20-10-18 17:48:27.961 : ---4-->   head.bmp | 13.21dB
20-10-18 17:48:28.041 : ---5-->  woman.bmp | 10.66dB
20-10-18 17:48:28.295 : <epoch: 34, iter:      35, Average PSNR : 11.51dB

20-10-18 17:48:42.196 : epoch: 35 begin... 
20-10-18 17:48:42.819 : epoch: 35 done! 
20-10-18 17:48:56.612 : epoch: 36 begin... 
20-10-18 17:48:57.234 : epoch: 36 done! 
20-10-18 17:49:10.719 : epoch: 37 begin... 
20-10-18 17:49:11.347 : epoch: 37 done! 
20-10-18 17:49:25.628 : epoch: 38 begin... 
20-10-18 17:49:26.250 : epoch: 38 done! 
20-10-18 17:49:41.890 : epoch: 39 begin... 
20-10-18 17:49:42.512 : epoch: 39 done! 
20-10-18 17:49:42.512 : Saving the model.
20-10-18 17:49:44.333 : ---1-->   baby.bmp | 12.35dB
20-10-18 17:49:44.420 : ---2-->   bird.bmp | 11.72dB
20-10-18 17:49:44.492 : ---3--> butterfly.bmp | 11.21dB
20-10-18 17:49:44.580 : ---4-->   head.bmp | 12.64dB
20-10-18 17:49:44.670 : ---5-->  woman.bmp | 12.45dB
20-10-18 17:49:44.975 : <epoch: 39, iter:      40, Average PSNR : 12.08dB

20-10-18 17:49:59.985 : epoch: 40 begin... 
20-10-18 17:50:00.613 : epoch: 40 done! 
20-10-18 17:50:15.403 : epoch: 41 begin... 
20-10-18 17:50:16.024 : epoch: 41 done! 
20-10-18 17:50:29.295 : epoch: 42 begin... 
20-10-18 17:50:29.916 : epoch: 42 done! 
20-10-18 17:50:43.644 : epoch: 43 begin... 
20-10-18 17:50:44.270 : epoch: 43 done! 
20-10-18 17:50:58.260 : epoch: 44 begin... 
20-10-18 17:50:58.881 : epoch: 44 done! 
20-10-18 17:50:58.882 : Saving the model.
20-10-18 17:51:00.619 : ---1-->   baby.bmp | 9.36dB
20-10-18 17:51:00.699 : ---2-->   bird.bmp | 12.93dB
20-10-18 17:51:00.759 : ---3--> butterfly.bmp | 9.89dB
20-10-18 17:51:00.835 : ---4-->   head.bmp | 13.01dB
20-10-18 17:51:00.910 : ---5-->  woman.bmp | 9.92dB
20-10-18 17:51:01.164 : <epoch: 44, iter:      45, Average PSNR : 11.02dB

20-10-18 17:51:16.923 : epoch: 45 begin... 
20-10-18 17:51:17.545 : epoch: 45 done! 
20-10-18 17:51:31.788 : epoch: 46 begin... 
20-10-18 17:51:32.413 : epoch: 46 done! 
20-10-18 17:51:49.286 : epoch: 47 begin... 
20-10-18 17:51:49.916 : epoch: 47 done! 
20-10-18 17:52:03.913 : epoch: 48 begin... 
20-10-18 17:52:04.534 : epoch: 48 done! 
20-10-18 17:52:17.104 : epoch: 49 begin... 
20-10-18 17:52:17.731 : epoch: 49 done! 
20-10-18 17:52:17.731 : Saving the model.
20-10-18 17:52:19.383 : ---1-->   baby.bmp | 12.39dB
20-10-18 17:52:19.458 : ---2-->   bird.bmp | 11.35dB
20-10-18 17:52:19.516 : ---3--> butterfly.bmp | 10.63dB
20-10-18 17:52:19.589 : ---4-->   head.bmp | 12.64dB
20-10-18 17:52:19.660 : ---5-->  woman.bmp | 12.33dB
20-10-18 17:52:19.916 : <epoch: 49, iter:      50, Average PSNR : 11.87dB

20-10-18 17:52:33.307 : epoch: 50 begin... 
20-10-18 17:52:33.930 : epoch: 50 done! 
20-10-18 17:52:46.590 : epoch: 51 begin... 
20-10-18 17:52:47.212 : epoch: 51 done! 
20-10-18 17:53:01.968 : epoch: 52 begin... 
20-10-18 17:53:02.592 : epoch: 52 done! 
20-10-18 17:53:16.743 : epoch: 53 begin... 
20-10-18 17:53:17.365 : epoch: 53 done! 
20-10-18 17:53:32.448 : epoch: 54 begin... 
20-10-18 17:53:33.071 : epoch: 54 done! 
20-10-18 17:53:33.072 : Saving the model.
20-10-18 17:53:34.840 : ---1-->   baby.bmp | 12.27dB
20-10-18 17:53:34.917 : ---2-->   bird.bmp | 12.29dB
20-10-18 17:53:34.975 : ---3--> butterfly.bmp | 10.68dB
20-10-18 17:53:35.050 : ---4-->   head.bmp | 13.86dB
20-10-18 17:53:35.123 : ---5-->  woman.bmp | 12.36dB
20-10-18 17:53:35.358 : <epoch: 54, iter:      55, Average PSNR : 12.29dB

20-10-18 17:53:48.549 : epoch: 55 begin... 
20-10-18 17:53:50.712 : epoch: 55 done! 
20-10-18 17:54:03.507 : epoch: 56 begin... 
20-10-18 17:54:04.130 : epoch: 56 done! 
20-10-18 17:54:17.105 : epoch: 57 begin... 
20-10-18 17:54:17.727 : epoch: 57 done! 
20-10-18 17:54:30.306 : epoch: 58 begin... 
20-10-18 17:54:30.935 : epoch: 58 done! 
20-10-18 17:54:43.745 : epoch: 59 begin... 
20-10-18 17:54:44.368 : epoch: 59 done! 
20-10-18 17:54:44.368 : Saving the model.
20-10-18 17:54:46.023 : ---1-->   baby.bmp | 11.67dB
20-10-18 17:54:46.099 : ---2-->   bird.bmp | 12.96dB
20-10-18 17:54:46.156 : ---3--> butterfly.bmp | 10.43dB
20-10-18 17:54:46.229 : ---4-->   head.bmp | 14.71dB
20-10-18 17:54:46.301 : ---5-->  woman.bmp | 11.91dB
20-10-18 17:54:46.577 : <epoch: 59, iter:      60, Average PSNR : 12.34dB

20-10-18 17:55:00.359 : epoch: 60 begin... 
20-10-18 17:55:00.982 : epoch: 60 done! 
20-10-18 17:55:14.010 : epoch: 61 begin... 
20-10-18 17:55:14.636 : epoch: 61 done! 
20-10-18 17:55:27.555 : epoch: 62 begin... 
20-10-18 17:55:28.177 : epoch: 62 done! 
20-10-18 17:55:42.426 : epoch: 63 begin... 
20-10-18 17:55:43.049 : epoch: 63 done! 
20-10-18 17:55:57.615 : epoch: 64 begin... 
20-10-18 17:55:58.240 : epoch: 64 done! 
20-10-18 17:55:58.241 : Saving the model.
20-10-18 17:56:01.097 : ---1-->   baby.bmp | 12.74dB
20-10-18 17:56:01.210 : ---2-->   bird.bmp | 12.88dB
20-10-18 17:56:01.287 : ---3--> butterfly.bmp | 10.38dB
20-10-18 17:56:01.385 : ---4-->   head.bmp | 15.40dB
20-10-18 17:56:01.488 : ---5-->  woman.bmp | 12.57dB
20-10-18 17:56:01.764 : <epoch: 64, iter:      65, Average PSNR : 12.79dB

20-10-18 17:56:18.292 : epoch: 65 begin... 
20-10-18 17:56:18.914 : epoch: 65 done! 
20-10-18 17:56:32.601 : epoch: 66 begin... 
20-10-18 17:56:33.222 : epoch: 66 done! 
20-10-18 17:56:47.122 : epoch: 67 begin... 
20-10-18 17:56:47.750 : epoch: 67 done! 
20-10-18 17:57:00.855 : epoch: 68 begin... 
20-10-18 17:57:01.477 : epoch: 68 done! 
20-10-18 17:57:14.272 : epoch: 69 begin... 
20-10-18 17:57:14.894 : epoch: 69 done! 
20-10-18 17:57:14.894 : Saving the model.
20-10-18 17:57:16.529 : ---1-->   baby.bmp | 12.18dB
20-10-18 17:57:16.604 : ---2-->   bird.bmp | 12.90dB
20-10-18 17:57:16.661 : ---3--> butterfly.bmp | 10.05dB
20-10-18 17:57:16.732 : ---4-->   head.bmp | 15.53dB
20-10-18 17:57:16.804 : ---5-->  woman.bmp | 12.16dB
20-10-18 17:57:17.042 : <epoch: 69, iter:      70, Average PSNR : 12.56dB

20-10-18 17:57:30.185 : epoch: 70 begin... 
20-10-18 17:57:30.813 : epoch: 70 done! 
20-10-18 17:57:43.496 : epoch: 71 begin... 
20-10-18 17:57:44.116 : epoch: 71 done! 
20-10-18 17:57:57.095 : epoch: 72 begin... 
20-10-18 17:57:57.719 : epoch: 72 done! 
20-10-18 17:58:11.599 : epoch: 73 begin... 
20-10-18 17:58:12.223 : epoch: 73 done! 
20-10-18 17:58:27.076 : epoch: 74 begin... 
20-10-18 17:58:27.700 : epoch: 74 done! 
20-10-18 17:58:27.700 : Saving the model.
20-10-18 17:58:29.495 : ---1-->   baby.bmp | 12.87dB
20-10-18 17:58:29.585 : ---2-->   bird.bmp | 12.47dB
20-10-18 17:58:29.648 : ---3--> butterfly.bmp | 9.90dB
20-10-18 17:58:29.726 : ---4-->   head.bmp | 15.79dB
20-10-18 17:58:29.813 : ---5-->  woman.bmp | 12.63dB
20-10-18 17:58:30.073 : <epoch: 74, iter:      75, Average PSNR : 12.73dB

20-10-18 17:58:43.675 : epoch: 75 begin... 
20-10-18 17:58:44.298 : epoch: 75 done! 
20-10-18 17:58:57.604 : epoch: 76 begin... 
20-10-18 17:58:58.225 : epoch: 76 done! 
20-10-18 17:59:12.799 : epoch: 77 begin... 
20-10-18 17:59:13.425 : epoch: 77 done! 
20-10-18 17:59:28.248 : epoch: 78 begin... 
20-10-18 17:59:28.873 : epoch: 78 done! 
20-10-18 17:59:41.703 : epoch: 79 begin... 
20-10-18 17:59:42.326 : epoch: 79 done! 
20-10-18 17:59:42.326 : Saving the model.
20-10-18 17:59:44.028 : ---1-->   baby.bmp | 13.05dB
20-10-18 17:59:44.105 : ---2-->   bird.bmp | 12.27dB
20-10-18 17:59:44.164 : ---3--> butterfly.bmp | 9.78dB
20-10-18 17:59:44.237 : ---4-->   head.bmp | 15.80dB
20-10-18 17:59:44.311 : ---5-->  woman.bmp | 12.79dB
20-10-18 17:59:44.601 : <epoch: 79, iter:      80, Average PSNR : 12.74dB

20-10-18 17:59:57.321 : epoch: 80 begin... 
20-10-18 17:59:57.948 : epoch: 80 done! 
20-10-18 18:00:10.465 : epoch: 81 begin... 
20-10-18 18:00:11.085 : epoch: 81 done! 
20-10-18 18:00:23.886 : epoch: 82 begin... 
20-10-18 18:00:24.510 : epoch: 82 done! 
20-10-18 18:00:37.150 : epoch: 83 begin... 
20-10-18 18:00:37.776 : epoch: 83 done! 
20-10-18 18:00:51.002 : epoch: 84 begin... 
20-10-18 18:00:51.622 : epoch: 84 done! 
20-10-18 18:00:51.622 : Saving the model.
20-10-18 18:00:53.341 : ---1-->   baby.bmp | 13.69dB
20-10-18 18:00:53.419 : ---2-->   bird.bmp | 12.89dB
20-10-18 18:00:53.478 : ---3--> butterfly.bmp | 10.36dB
20-10-18 18:00:53.551 : ---4-->   head.bmp | 16.55dB
20-10-18 18:00:53.626 : ---5-->  woman.bmp | 13.25dB
20-10-18 18:00:53.918 : <epoch: 84, iter:      85, Average PSNR : 13.35dB

20-10-18 18:01:07.030 : epoch: 85 begin... 
20-10-18 18:01:07.656 : epoch: 85 done! 
20-10-18 18:01:20.496 : epoch: 86 begin... 
20-10-18 18:01:21.121 : epoch: 86 done! 
20-10-18 18:01:34.523 : epoch: 87 begin... 
20-10-18 18:01:35.147 : epoch: 87 done! 
20-10-18 18:01:47.964 : epoch: 88 begin... 
20-10-18 18:01:48.587 : epoch: 88 done! 
20-10-18 18:02:01.467 : epoch: 89 begin... 
20-10-18 18:02:02.088 : epoch: 89 done! 
20-10-18 18:02:02.088 : Saving the model.
20-10-18 18:02:03.818 : ---1-->   baby.bmp | 13.83dB
20-10-18 18:02:03.899 : ---2-->   bird.bmp | 13.49dB
20-10-18 18:02:03.959 : ---3--> butterfly.bmp | 10.74dB
20-10-18 18:02:04.033 : ---4-->   head.bmp | 17.00dB
20-10-18 18:02:04.107 : ---5-->  woman.bmp | 13.28dB
20-10-18 18:02:04.402 : <epoch: 89, iter:      90, Average PSNR : 13.67dB

20-10-18 18:02:18.246 : epoch: 90 begin... 
20-10-18 18:02:18.874 : epoch: 90 done! 
20-10-18 18:02:32.476 : epoch: 91 begin... 
20-10-18 18:02:33.098 : epoch: 91 done! 
20-10-18 18:02:46.159 : epoch: 92 begin... 
20-10-18 18:02:46.782 : epoch: 92 done! 
20-10-18 18:03:00.318 : epoch: 93 begin... 
20-10-18 18:03:00.946 : epoch: 93 done! 
20-10-18 18:03:14.521 : epoch: 94 begin... 
20-10-18 18:03:15.142 : epoch: 94 done! 
20-10-18 18:03:15.142 : Saving the model.
20-10-18 18:03:16.927 : ---1-->   baby.bmp | 13.29dB
20-10-18 18:03:17.008 : ---2-->   bird.bmp | 13.35dB
20-10-18 18:03:17.067 : ---3--> butterfly.bmp | 10.58dB
20-10-18 18:03:17.142 : ---4-->   head.bmp | 16.41dB
20-10-18 18:03:17.216 : ---5-->  woman.bmp | 12.77dB
20-10-18 18:03:17.436 : <epoch: 94, iter:      95, Average PSNR : 13.28dB

20-10-18 18:03:31.226 : epoch: 95 begin... 
20-10-18 18:03:31.848 : epoch: 95 done! 
20-10-18 18:03:46.994 : epoch: 96 begin... 
20-10-18 18:03:47.619 : epoch: 96 done! 
20-10-18 18:04:00.783 : epoch: 97 begin... 
20-10-18 18:04:01.406 : epoch: 97 done! 
20-10-18 18:04:15.152 : epoch: 98 begin... 
20-10-18 18:04:15.774 : epoch: 98 done! 
20-10-18 18:04:29.688 : epoch: 99 begin... 
20-10-18 18:04:30.313 : epoch: 99 done! 
20-10-18 18:04:30.313 : Saving the model.
20-10-18 18:04:32.047 : ---1-->   baby.bmp | 13.14dB
20-10-18 18:04:32.126 : ---2-->   bird.bmp | 13.19dB
20-10-18 18:04:32.184 : ---3--> butterfly.bmp | 10.51dB
20-10-18 18:04:32.264 : ---4-->   head.bmp | 16.11dB
20-10-18 18:04:32.338 : ---5-->  woman.bmp | 12.63dB
20-10-18 18:04:32.636 : <epoch: 99, iter:     100, Average PSNR : 13.11dB

20-10-18 18:04:45.486 : epoch:100 begin... 
20-10-18 18:04:46.110 : epoch:100 done! 
20-10-18 18:04:58.980 : epoch:101 begin... 
20-10-18 18:04:59.604 : epoch:101 done! 
20-10-18 18:05:13.996 : epoch:102 begin... 
20-10-18 18:05:14.622 : epoch:102 done! 
20-10-18 18:05:28.774 : epoch:103 begin... 
20-10-18 18:05:29.397 : epoch:103 done! 
20-10-18 18:05:44.177 : epoch:104 begin... 
20-10-18 18:05:44.797 : epoch:104 done! 
20-10-18 18:05:44.798 : Saving the model.
20-10-18 18:05:46.886 : ---1-->   baby.bmp | 13.00dB
20-10-18 18:05:46.969 : ---2-->   bird.bmp | 13.09dB
20-10-18 18:05:47.032 : ---3--> butterfly.bmp | 10.42dB
20-10-18 18:05:47.109 : ---4-->   head.bmp | 15.93dB
20-10-18 18:05:47.193 : ---5-->  woman.bmp | 12.49dB
20-10-18 18:05:47.505 : <epoch:104, iter:     105, Average PSNR : 12.99dB

20-10-18 18:06:01.421 : epoch:105 begin... 
20-10-18 18:06:07.666 : epoch:105 done! 
20-10-18 18:06:21.226 : epoch:106 begin... 
20-10-18 18:06:21.847 : epoch:106 done! 
20-10-18 18:06:35.637 : epoch:107 begin... 
20-10-18 18:06:36.258 : epoch:107 done! 
20-10-18 18:06:49.923 : epoch:108 begin... 
20-10-18 18:06:50.546 : epoch:108 done! 
20-10-18 18:07:03.732 : epoch:109 begin... 
20-10-18 18:07:04.360 : epoch:109 done! 
20-10-18 18:07:04.361 : Saving the model.
20-10-18 18:07:06.058 : ---1-->   baby.bmp | 12.86dB
20-10-18 18:07:06.132 : ---2-->   bird.bmp | 13.00dB
20-10-18 18:07:06.189 : ---3--> butterfly.bmp | 10.31dB
20-10-18 18:07:06.261 : ---4-->   head.bmp | 15.83dB
20-10-18 18:07:06.334 : ---5-->  woman.bmp | 12.35dB
20-10-18 18:07:06.574 : <epoch:109, iter:     110, Average PSNR : 12.87dB

20-10-18 18:07:19.738 : epoch:110 begin... 
20-10-18 18:07:20.362 : epoch:110 done! 
20-10-18 18:07:33.532 : epoch:111 begin... 
20-10-18 18:07:34.155 : epoch:111 done! 
20-10-18 18:07:46.633 : epoch:112 begin... 
20-10-18 18:07:47.257 : epoch:112 done! 
20-10-18 18:08:00.159 : epoch:113 begin... 
20-10-18 18:08:00.782 : epoch:113 done! 
20-10-18 18:08:14.021 : epoch:114 begin... 
20-10-18 18:08:14.643 : epoch:114 done! 
20-10-18 18:08:14.644 : Saving the model.
20-10-18 18:08:16.295 : ---1-->   baby.bmp | 12.81dB
20-10-18 18:08:16.372 : ---2-->   bird.bmp | 12.91dB
20-10-18 18:08:16.432 : ---3--> butterfly.bmp | 10.23dB
20-10-18 18:08:16.504 : ---4-->   head.bmp | 15.81dB
20-10-18 18:08:16.575 : ---5-->  woman.bmp | 12.30dB
20-10-18 18:08:16.807 : <epoch:114, iter:     115, Average PSNR : 12.81dB

20-10-18 18:08:30.357 : epoch:115 begin... 
20-10-18 18:08:30.983 : epoch:115 done! 
20-10-18 18:08:43.906 : epoch:116 begin... 
20-10-18 18:08:44.527 : epoch:116 done! 
20-10-18 18:08:59.129 : epoch:117 begin... 
20-10-18 18:08:59.751 : epoch:117 done! 
20-10-18 18:09:12.446 : epoch:118 begin... 
20-10-18 18:09:13.071 : epoch:118 done! 
20-10-18 18:09:26.050 : epoch:119 begin... 
20-10-18 18:09:26.671 : epoch:119 done! 
20-10-18 18:09:26.672 : Saving the model.
20-10-18 18:09:28.482 : ---1-->   baby.bmp | 13.39dB
20-10-18 18:09:28.567 : ---2-->   bird.bmp | 13.25dB
20-10-18 18:09:28.629 : ---3--> butterfly.bmp | 10.57dB
20-10-18 18:09:28.707 : ---4-->   head.bmp | 16.48dB
20-10-18 18:09:28.792 : ---5-->  woman.bmp | 12.89dB
20-10-18 18:09:29.045 : <epoch:119, iter:     120, Average PSNR : 13.32dB

20-10-18 18:09:42.907 : epoch:120 begin... 
20-10-18 18:09:43.528 : epoch:120 done! 
20-10-18 18:09:56.215 : epoch:121 begin... 
20-10-18 18:09:56.837 : epoch:121 done! 
20-10-18 18:10:10.943 : epoch:122 begin... 
20-10-18 18:10:11.571 : epoch:122 done! 
20-10-18 18:10:24.551 : epoch:123 begin... 
20-10-18 18:10:25.172 : epoch:123 done! 
20-10-18 18:10:37.862 : epoch:124 begin... 
20-10-18 18:10:38.484 : epoch:124 done! 
20-10-18 18:10:38.485 : Saving the model.
20-10-18 18:10:40.256 : ---1-->   baby.bmp | 13.86dB
20-10-18 18:10:40.335 : ---2-->   bird.bmp | 13.49dB
20-10-18 18:10:40.394 : ---3--> butterfly.bmp | 10.79dB
20-10-18 18:10:40.468 : ---4-->   head.bmp | 16.80dB
20-10-18 18:10:40.547 : ---5-->  woman.bmp | 13.31dB
20-10-18 18:10:40.781 : <epoch:124, iter:     125, Average PSNR : 13.65dB

20-10-18 18:10:53.439 : epoch:125 begin... 
20-10-18 18:10:54.064 : epoch:125 done! 
20-10-18 18:11:06.885 : epoch:126 begin... 
20-10-18 18:11:07.507 : epoch:126 done! 
20-10-18 18:11:20.408 : epoch:127 begin... 
20-10-18 18:11:21.031 : epoch:127 done! 
20-10-18 18:11:34.021 : epoch:128 begin... 
20-10-18 18:11:34.646 : epoch:128 done! 
20-10-18 18:11:48.014 : epoch:129 begin... 
20-10-18 18:11:48.636 : epoch:129 done! 
20-10-18 18:11:48.637 : Saving the model.
20-10-18 18:11:50.460 : ---1-->   baby.bmp | 13.75dB
20-10-18 18:11:50.539 : ---2-->   bird.bmp | 13.47dB
20-10-18 18:11:50.600 : ---3--> butterfly.bmp | 10.73dB
20-10-18 18:11:50.685 : ---4-->   head.bmp | 16.71dB
20-10-18 18:11:50.765 : ---5-->  woman.bmp | 13.16dB
20-10-18 18:11:51.002 : <epoch:129, iter:     130, Average PSNR : 13.57dB

20-10-18 18:12:04.985 : epoch:130 begin... 
20-10-18 18:12:05.607 : epoch:130 done! 
20-10-18 18:12:19.215 : epoch:131 begin... 
20-10-18 18:12:19.842 : epoch:131 done! 
20-10-18 18:12:32.655 : epoch:132 begin... 
20-10-18 18:12:33.278 : epoch:132 done! 
20-10-18 18:12:45.883 : epoch:133 begin... 
20-10-18 18:12:46.504 : epoch:133 done! 
20-10-18 18:12:59.145 : epoch:134 begin... 
20-10-18 18:12:59.767 : epoch:134 done! 
20-10-18 18:12:59.767 : Saving the model.
20-10-18 18:13:01.408 : ---1-->   baby.bmp | 13.99dB
20-10-18 18:13:01.485 : ---2-->   bird.bmp | 13.49dB
20-10-18 18:13:01.541 : ---3--> butterfly.bmp | 10.82dB
20-10-18 18:13:01.612 : ---4-->   head.bmp | 16.74dB
20-10-18 18:13:01.685 : ---5-->  woman.bmp | 13.43dB
20-10-18 18:13:01.926 : <epoch:134, iter:     135, Average PSNR : 13.69dB

20-10-18 18:13:14.686 : epoch:135 begin... 
20-10-18 18:13:15.312 : epoch:135 done! 
20-10-18 18:13:28.045 : epoch:136 begin... 
20-10-18 18:13:28.667 : epoch:136 done! 
20-10-18 18:13:41.790 : epoch:137 begin... 
20-10-18 18:13:42.412 : epoch:137 done! 
20-10-18 18:13:55.469 : epoch:138 begin... 
20-10-18 18:13:56.095 : epoch:138 done! 
20-10-18 18:14:11.046 : epoch:139 begin... 
20-10-18 18:14:11.668 : epoch:139 done! 
20-10-18 18:14:11.668 : Saving the model.
20-10-18 18:14:13.583 : ---1-->   baby.bmp | 14.02dB
20-10-18 18:14:13.671 : ---2-->   bird.bmp | 13.49dB
20-10-18 18:14:13.736 : ---3--> butterfly.bmp | 10.83dB
20-10-18 18:14:13.813 : ---4-->   head.bmp | 16.77dB
20-10-18 18:14:13.892 : ---5-->  woman.bmp | 13.45dB
20-10-18 18:14:14.140 : <epoch:139, iter:     140, Average PSNR : 13.71dB

20-10-18 18:14:28.404 : epoch:140 begin... 
20-10-18 18:14:29.028 : epoch:140 done! 
20-10-18 18:14:42.590 : epoch:141 begin... 
20-10-18 18:14:43.218 : epoch:141 done! 
20-10-18 18:14:57.001 : epoch:142 begin... 
20-10-18 18:14:57.623 : epoch:142 done! 
20-10-18 18:15:10.838 : epoch:143 begin... 
20-10-18 18:15:11.461 : epoch:143 done! 
20-10-18 18:15:24.644 : epoch:144 begin... 
20-10-18 18:15:25.269 : epoch:144 done! 
20-10-18 18:15:25.269 : Saving the model.
20-10-18 18:15:26.930 : ---1-->   baby.bmp | 13.64dB
20-10-18 18:15:27.007 : ---2-->   bird.bmp | 13.24dB
20-10-18 18:15:27.065 : ---3--> butterfly.bmp | 10.59dB
20-10-18 18:15:27.136 : ---4-->   head.bmp | 16.62dB
20-10-18 18:15:27.207 : ---5-->  woman.bmp | 13.04dB
20-10-18 18:15:27.456 : <epoch:144, iter:     145, Average PSNR : 13.43dB

20-10-18 18:15:40.576 : epoch:145 begin... 
20-10-18 18:15:41.199 : epoch:145 done! 
20-10-18 18:15:55.515 : epoch:146 begin... 
20-10-18 18:15:56.137 : epoch:146 done! 
20-10-18 18:16:09.883 : epoch:147 begin... 
20-10-18 18:16:10.511 : epoch:147 done! 
20-10-18 18:16:24.307 : epoch:148 begin... 
20-10-18 18:16:24.930 : epoch:148 done! 
20-10-18 18:16:40.109 : epoch:149 begin... 
20-10-18 18:16:40.732 : epoch:149 done! 
20-10-18 18:16:40.732 : Saving the model.
20-10-18 18:16:43.156 : ---1-->   baby.bmp | 14.35dB
20-10-18 18:16:43.252 : ---2-->   bird.bmp | 13.58dB
20-10-18 18:16:43.314 : ---3--> butterfly.bmp | 10.96dB
20-10-18 18:16:43.408 : ---4-->   head.bmp | 16.94dB
20-10-18 18:16:43.502 : ---5-->  woman.bmp | 13.76dB
20-10-18 18:16:43.870 : <epoch:149, iter:     150, Average PSNR : 13.92dB

20-10-18 18:17:01.281 : epoch:150 begin... 
20-10-18 18:17:01.950 : epoch:150 done! 
20-10-18 18:17:16.802 : epoch:151 begin... 
20-10-18 18:17:17.423 : epoch:151 done! 
20-10-18 18:17:31.627 : epoch:152 begin... 
20-10-18 18:17:32.251 : epoch:152 done! 
20-10-18 18:17:45.445 : epoch:153 begin... 
20-10-18 18:17:46.073 : epoch:153 done! 
20-10-18 18:18:01.084 : epoch:154 begin... 
20-10-18 18:18:01.706 : epoch:154 done! 
20-10-18 18:18:01.706 : Saving the model.
20-10-18 18:18:03.383 : ---1-->   baby.bmp | 14.48dB
20-10-18 18:18:03.459 : ---2-->   bird.bmp | 13.68dB
20-10-18 18:18:03.521 : ---3--> butterfly.bmp | 11.03dB
20-10-18 18:18:03.595 : ---4-->   head.bmp | 17.02dB
20-10-18 18:18:03.667 : ---5-->  woman.bmp | 13.89dB
20-10-18 18:18:03.953 : <epoch:154, iter:     155, Average PSNR : 14.02dB

20-10-18 18:18:17.441 : epoch:155 begin... 
20-10-18 18:18:18.065 : epoch:155 done! 
20-10-18 18:18:31.295 : epoch:156 begin... 
20-10-18 18:18:31.921 : epoch:156 done! 
20-10-18 18:18:45.900 : epoch:157 begin... 
20-10-18 18:18:46.522 : epoch:157 done! 
20-10-18 18:19:01.544 : epoch:158 begin... 
20-10-18 18:19:02.167 : epoch:158 done! 
20-10-18 18:19:20.430 : epoch:159 begin... 
20-10-18 18:19:21.058 : epoch:159 done! 
20-10-18 18:19:21.059 : Saving the model.
20-10-18 18:19:23.250 : ---1-->   baby.bmp | 14.56dB
20-10-18 18:19:23.330 : ---2-->   bird.bmp | 13.80dB
20-10-18 18:19:23.392 : ---3--> butterfly.bmp | 11.13dB
20-10-18 18:19:23.464 : ---4-->   head.bmp | 16.91dB
20-10-18 18:19:23.535 : ---5-->  woman.bmp | 14.09dB
20-10-18 18:19:23.783 : <epoch:159, iter:     160, Average PSNR : 14.10dB

20-10-18 18:19:39.343 : epoch:160 begin... 
20-10-18 18:19:39.966 : epoch:160 done! 
20-10-18 18:19:53.969 : epoch:161 begin... 
20-10-18 18:19:54.590 : epoch:161 done! 
20-10-18 18:20:08.597 : epoch:162 begin... 
20-10-18 18:20:09.224 : epoch:162 done! 
20-10-18 18:20:22.259 : epoch:163 begin... 
20-10-18 18:20:22.882 : epoch:163 done! 
20-10-18 18:20:35.773 : epoch:164 begin... 
20-10-18 18:20:36.393 : epoch:164 done! 
20-10-18 18:20:36.394 : Saving the model.
20-10-18 18:20:38.006 : ---1-->   baby.bmp | 14.74dB
20-10-18 18:20:38.086 : ---2-->   bird.bmp | 13.75dB
20-10-18 18:20:38.145 : ---3--> butterfly.bmp | 11.15dB
20-10-18 18:20:38.219 : ---4-->   head.bmp | 17.34dB
20-10-18 18:20:38.292 : ---5-->  woman.bmp | 14.19dB
20-10-18 18:20:38.528 : <epoch:164, iter:     165, Average PSNR : 14.23dB

20-10-18 18:20:52.154 : epoch:165 begin... 
20-10-18 18:20:52.782 : epoch:165 done! 
20-10-18 18:21:05.764 : epoch:166 begin... 
20-10-18 18:21:06.385 : epoch:166 done! 
20-10-18 18:21:19.314 : epoch:167 begin... 
20-10-18 18:21:19.937 : epoch:167 done! 
20-10-18 18:21:32.664 : epoch:168 begin... 
20-10-18 18:21:33.289 : epoch:168 done! 
20-10-18 18:21:46.203 : epoch:169 begin... 
20-10-18 18:21:46.826 : epoch:169 done! 
20-10-18 18:21:46.826 : Saving the model.
20-10-18 18:21:48.472 : ---1-->   baby.bmp | 14.63dB
20-10-18 18:21:48.550 : ---2-->   bird.bmp | 13.45dB
20-10-18 18:21:48.608 : ---3--> butterfly.bmp | 11.01dB
20-10-18 18:21:48.683 : ---4-->   head.bmp | 17.36dB
20-10-18 18:21:48.758 : ---5-->  woman.bmp | 13.96dB
20-10-18 18:21:49.069 : <epoch:169, iter:     170, Average PSNR : 14.08dB

20-10-18 18:22:02.858 : epoch:170 begin... 
20-10-18 18:22:03.479 : epoch:170 done! 
20-10-18 18:22:16.761 : epoch:171 begin... 
20-10-18 18:22:17.382 : epoch:171 done! 
20-10-18 18:22:30.318 : epoch:172 begin... 
20-10-18 18:22:30.945 : epoch:172 done! 
20-10-18 18:22:44.311 : epoch:173 begin... 
20-10-18 18:22:44.933 : epoch:173 done! 
20-10-18 18:22:58.233 : epoch:174 begin... 
20-10-18 18:22:58.853 : epoch:174 done! 
20-10-18 18:22:58.854 : Saving the model.
20-10-18 18:23:00.461 : ---1-->   baby.bmp | 15.03dB
20-10-18 18:23:00.539 : ---2-->   bird.bmp | 13.78dB
20-10-18 18:23:00.596 : ---3--> butterfly.bmp | 11.36dB
20-10-18 18:23:00.670 : ---4-->   head.bmp | 17.55dB
20-10-18 18:23:00.742 : ---5-->  woman.bmp | 14.47dB
20-10-18 18:23:00.980 : <epoch:174, iter:     175, Average PSNR : 14.44dB

20-10-18 18:23:14.329 : epoch:175 begin... 
20-10-18 18:23:14.956 : epoch:175 done! 
20-10-18 18:23:27.566 : epoch:176 begin... 
20-10-18 18:23:28.186 : epoch:176 done! 
20-10-18 18:23:41.671 : epoch:177 begin... 
20-10-18 18:23:42.295 : epoch:177 done! 
20-10-18 18:23:56.206 : epoch:178 begin... 
20-10-18 18:23:56.831 : epoch:178 done! 
20-10-18 18:24:09.816 : epoch:179 begin... 
20-10-18 18:24:10.436 : epoch:179 done! 
20-10-18 18:24:10.437 : Saving the model.
20-10-18 18:24:12.207 : ---1-->   baby.bmp | 14.74dB
20-10-18 18:24:12.294 : ---2-->   bird.bmp | 13.26dB
20-10-18 18:24:12.358 : ---3--> butterfly.bmp | 11.01dB
20-10-18 18:24:12.438 : ---4-->   head.bmp | 17.33dB
20-10-18 18:24:12.514 : ---5-->  woman.bmp | 13.98dB
20-10-18 18:24:12.765 : <epoch:179, iter:     180, Average PSNR : 14.06dB

20-10-18 18:24:29.619 : epoch:180 begin... 
20-10-18 18:24:30.242 : epoch:180 done! 
20-10-18 18:24:43.259 : epoch:181 begin... 
20-10-18 18:24:43.884 : epoch:181 done! 
20-10-18 18:24:57.038 : epoch:182 begin... 
20-10-18 18:24:57.659 : epoch:182 done! 
20-10-18 18:25:12.252 : epoch:183 begin... 
20-10-18 18:25:12.874 : epoch:183 done! 
20-10-18 18:25:26.620 : epoch:184 begin... 
20-10-18 18:25:27.245 : epoch:184 done! 
20-10-18 18:25:27.246 : Saving the model.
20-10-18 18:25:28.890 : ---1-->   baby.bmp | 15.13dB
20-10-18 18:25:28.970 : ---2-->   bird.bmp | 13.92dB
20-10-18 18:25:29.028 : ---3--> butterfly.bmp | 11.47dB
20-10-18 18:25:29.102 : ---4-->   head.bmp | 17.78dB
20-10-18 18:25:29.178 : ---5-->  woman.bmp | 14.64dB
20-10-18 18:25:29.413 : <epoch:184, iter:     185, Average PSNR : 14.59dB

20-10-18 18:25:42.660 : epoch:185 begin... 
20-10-18 18:25:43.281 : epoch:185 done! 
20-10-18 18:25:56.622 : epoch:186 begin... 
20-10-18 18:25:57.243 : epoch:186 done! 
20-10-18 18:26:10.367 : epoch:187 begin... 
20-10-18 18:26:10.991 : epoch:187 done! 
20-10-18 18:26:24.435 : epoch:188 begin... 
20-10-18 18:26:25.060 : epoch:188 done! 
20-10-18 18:26:38.657 : epoch:189 begin... 
20-10-18 18:26:39.277 : epoch:189 done! 
20-10-18 18:26:39.278 : Saving the model.
20-10-18 18:26:40.864 : ---1-->   baby.bmp | 15.10dB
20-10-18 18:26:40.950 : ---2-->   bird.bmp | 14.03dB
20-10-18 18:26:41.015 : ---3--> butterfly.bmp | 11.51dB
20-10-18 18:26:41.092 : ---4-->   head.bmp | 17.78dB
20-10-18 18:26:41.169 : ---5-->  woman.bmp | 14.67dB
20-10-18 18:26:41.415 : <epoch:189, iter:     190, Average PSNR : 14.62dB

20-10-18 18:26:56.294 : epoch:190 begin... 
20-10-18 18:26:56.918 : epoch:190 done! 
20-10-18 18:27:10.487 : epoch:191 begin... 
20-10-18 18:27:11.107 : epoch:191 done! 
20-10-18 18:27:24.317 : epoch:192 begin... 
20-10-18 18:27:24.939 : epoch:192 done! 
20-10-18 18:27:38.327 : epoch:193 begin... 
20-10-18 18:27:38.949 : epoch:193 done! 
20-10-18 18:27:52.539 : epoch:194 begin... 
20-10-18 18:27:53.163 : epoch:194 done! 
20-10-18 18:27:53.163 : Saving the model.
20-10-18 18:27:54.784 : ---1-->   baby.bmp | 14.78dB
20-10-18 18:27:54.860 : ---2-->   bird.bmp | 14.14dB
20-10-18 18:27:54.917 : ---3--> butterfly.bmp | 11.55dB
20-10-18 18:27:54.989 : ---4-->   head.bmp | 17.63dB
20-10-18 18:27:55.063 : ---5-->  woman.bmp | 14.63dB
20-10-18 18:27:55.322 : <epoch:194, iter:     195, Average PSNR : 14.54dB

20-10-18 18:28:09.744 : epoch:195 begin... 
20-10-18 18:28:10.366 : epoch:195 done! 
20-10-18 18:28:23.772 : epoch:196 begin... 
20-10-18 18:28:24.392 : epoch:196 done! 
20-10-18 18:28:37.711 : epoch:197 begin... 
20-10-18 18:28:38.337 : epoch:197 done! 
20-10-18 18:28:51.385 : epoch:198 begin... 
20-10-18 18:28:52.006 : epoch:198 done! 
20-10-18 18:29:04.797 : epoch:199 begin... 
20-10-18 18:29:05.427 : <epoch:199, iter:     200, lr:1.000e-04> G_loss: 1.407e-01 
20-10-18 18:29:05.430 : epoch:199 done! 
20-10-18 18:29:05.430 : Saving the model.
20-10-18 18:29:07.218 : ---1-->   baby.bmp | 14.80dB
20-10-18 18:29:07.297 : ---2-->   bird.bmp | 14.10dB
20-10-18 18:29:07.357 : ---3--> butterfly.bmp | 11.52dB
20-10-18 18:29:07.431 : ---4-->   head.bmp | 17.74dB
20-10-18 18:29:07.507 : ---5-->  woman.bmp | 14.62dB
20-10-18 18:29:07.761 : <epoch:199, iter:     200, Average PSNR : 14.56dB

20-10-18 18:29:21.283 : epoch:200 begin... 
20-10-18 18:29:21.909 : epoch:200 done! 
20-10-18 18:29:36.971 : epoch:201 begin... 
20-10-18 18:29:37.592 : epoch:201 done! 
20-10-18 18:29:53.774 : epoch:202 begin... 
20-10-18 18:29:54.395 : epoch:202 done! 
20-10-18 18:30:10.067 : epoch:203 begin... 
20-10-18 18:30:10.693 : epoch:203 done! 
20-10-18 18:30:26.714 : epoch:204 begin... 
20-10-18 18:30:27.335 : epoch:204 done! 
20-10-18 18:30:27.335 : Saving the model.
20-10-18 18:30:29.432 : ---1-->   baby.bmp | 15.01dB
20-10-18 18:30:29.510 : ---2-->   bird.bmp | 13.95dB
20-10-18 18:30:29.569 : ---3--> butterfly.bmp | 11.49dB
20-10-18 18:30:29.645 : ---4-->   head.bmp | 17.99dB
20-10-18 18:30:29.720 : ---5-->  woman.bmp | 14.68dB
20-10-18 18:30:29.966 : <epoch:204, iter:     205, Average PSNR : 14.62dB

20-10-18 18:30:46.566 : epoch:205 begin... 
20-10-18 18:30:47.193 : epoch:205 done! 
20-10-18 18:31:01.374 : epoch:206 begin... 
20-10-18 18:31:01.994 : epoch:206 done! 
20-10-18 18:31:18.059 : epoch:207 begin... 
20-10-18 18:31:18.681 : epoch:207 done! 
20-10-18 18:31:34.188 : epoch:208 begin... 
20-10-18 18:31:34.815 : epoch:208 done! 
20-10-18 18:31:48.466 : epoch:209 begin... 
20-10-18 18:31:49.086 : epoch:209 done! 
20-10-18 18:31:49.087 : Saving the model.
20-10-18 18:31:50.724 : ---1-->   baby.bmp | 15.10dB
20-10-18 18:31:50.805 : ---2-->   bird.bmp | 13.92dB
20-10-18 18:31:50.864 : ---3--> butterfly.bmp | 11.50dB
20-10-18 18:31:50.938 : ---4-->   head.bmp | 18.05dB
20-10-18 18:31:51.026 : ---5-->  woman.bmp | 14.71dB
20-10-18 18:31:51.320 : <epoch:209, iter:     210, Average PSNR : 14.66dB

20-10-18 18:32:04.527 : epoch:210 begin... 
20-10-18 18:32:05.148 : epoch:210 done! 
20-10-18 18:32:18.047 : epoch:211 begin... 
20-10-18 18:32:18.668 : epoch:211 done! 
20-10-18 18:32:31.680 : epoch:212 begin... 
20-10-18 18:32:32.306 : epoch:212 done! 
20-10-18 18:32:46.606 : epoch:213 begin... 
20-10-18 18:32:47.227 : epoch:213 done! 
20-10-18 18:33:00.998 : epoch:214 begin... 
20-10-18 18:33:01.619 : epoch:214 done! 
20-10-18 18:33:01.620 : Saving the model.
20-10-18 18:33:03.413 : ---1-->   baby.bmp | 14.87dB
20-10-18 18:33:03.494 : ---2-->   bird.bmp | 13.67dB
20-10-18 18:33:03.555 : ---3--> butterfly.bmp | 11.26dB
20-10-18 18:33:03.631 : ---4-->   head.bmp | 17.83dB
20-10-18 18:33:03.705 : ---5-->  woman.bmp | 14.28dB
20-10-18 18:33:03.937 : <epoch:214, iter:     215, Average PSNR : 14.38dB

20-10-18 18:33:17.046 : epoch:215 begin... 
20-10-18 18:33:17.672 : epoch:215 done! 
20-10-18 18:33:30.698 : epoch:216 begin... 
20-10-18 18:33:31.319 : epoch:216 done! 
20-10-18 18:33:44.264 : epoch:217 begin... 
20-10-18 18:33:44.885 : epoch:217 done! 
20-10-18 18:33:58.283 : epoch:218 begin... 
20-10-18 18:33:58.910 : epoch:218 done! 
20-10-18 18:34:12.050 : epoch:219 begin... 
20-10-18 18:34:12.671 : epoch:219 done! 
20-10-18 18:34:12.672 : Saving the model.
20-10-18 18:34:14.394 : ---1-->   baby.bmp | 15.08dB
20-10-18 18:34:14.472 : ---2-->   bird.bmp | 14.17dB
20-10-18 18:34:14.530 : ---3--> butterfly.bmp | 11.62dB
20-10-18 18:34:14.604 : ---4-->   head.bmp | 18.19dB
20-10-18 18:34:14.678 : ---5-->  woman.bmp | 14.83dB
20-10-18 18:34:14.916 : <epoch:219, iter:     220, Average PSNR : 14.78dB

20-10-18 18:34:28.489 : epoch:220 begin... 
20-10-18 18:34:29.111 : epoch:220 done! 
20-10-18 18:34:44.165 : epoch:221 begin... 
20-10-18 18:34:44.788 : epoch:221 done! 
20-10-18 18:34:57.837 : epoch:222 begin... 
20-10-18 18:34:58.458 : epoch:222 done! 
20-10-18 18:35:12.617 : epoch:223 begin... 
20-10-18 18:35:13.239 : epoch:223 done! 
20-10-18 18:35:27.685 : epoch:224 begin... 
20-10-18 18:35:28.309 : epoch:224 done! 
20-10-18 18:35:28.310 : Saving the model.
20-10-18 18:35:30.213 : ---1-->   baby.bmp | 15.34dB
20-10-18 18:35:30.312 : ---2-->   bird.bmp | 14.04dB
20-10-18 18:35:30.391 : ---3--> butterfly.bmp | 11.60dB
20-10-18 18:35:30.489 : ---4-->   head.bmp | 18.30dB
20-10-18 18:35:30.595 : ---5-->  woman.bmp | 14.90dB
20-10-18 18:35:30.937 : <epoch:224, iter:     225, Average PSNR : 14.84dB

20-10-18 18:35:44.863 : epoch:225 begin... 
20-10-18 18:35:45.483 : epoch:225 done! 
20-10-18 18:35:59.784 : epoch:226 begin... 
20-10-18 18:36:00.405 : epoch:226 done! 
20-10-18 18:36:15.348 : epoch:227 begin... 
20-10-18 18:36:15.977 : epoch:227 done! 
20-10-18 18:36:28.977 : epoch:228 begin... 
20-10-18 18:36:29.599 : epoch:228 done! 
20-10-18 18:36:42.800 : epoch:229 begin... 
20-10-18 18:36:43.421 : epoch:229 done! 
20-10-18 18:36:43.422 : Saving the model.
20-10-18 18:36:45.208 : ---1-->   baby.bmp | 15.32dB
20-10-18 18:36:45.288 : ---2-->   bird.bmp | 14.04dB
20-10-18 18:36:45.348 : ---3--> butterfly.bmp | 11.59dB
20-10-18 18:36:45.425 : ---4-->   head.bmp | 18.36dB
20-10-18 18:36:45.513 : ---5-->  woman.bmp | 14.91dB
20-10-18 18:36:45.749 : <epoch:229, iter:     230, Average PSNR : 14.84dB

20-10-18 18:36:59.942 : epoch:230 begin... 
20-10-18 18:37:00.570 : epoch:230 done! 
20-10-18 18:37:13.642 : epoch:231 begin... 
20-10-18 18:37:14.262 : epoch:231 done! 
20-10-18 18:37:27.797 : epoch:232 begin... 
20-10-18 18:37:28.419 : epoch:232 done! 
20-10-18 18:37:41.696 : epoch:233 begin... 
20-10-18 18:37:42.322 : epoch:233 done! 
20-10-18 18:37:56.237 : epoch:234 begin... 
20-10-18 18:37:56.859 : epoch:234 done! 
20-10-18 18:37:56.859 : Saving the model.
20-10-18 18:37:58.455 : ---1-->   baby.bmp | 14.91dB
20-10-18 18:37:58.533 : ---2-->   bird.bmp | 14.25dB
20-10-18 18:37:58.601 : ---3--> butterfly.bmp | 11.64dB
20-10-18 18:37:58.679 : ---4-->   head.bmp | 18.12dB
20-10-18 18:37:58.757 : ---5-->  woman.bmp | 14.83dB
20-10-18 18:37:59.002 : <epoch:234, iter:     235, Average PSNR : 14.75dB

20-10-18 18:38:28.845 : epoch:235 begin... 
20-10-18 18:38:29.474 : epoch:235 done! 
20-10-18 18:38:42.455 : epoch:236 begin... 
20-10-18 18:38:43.081 : epoch:236 done! 
20-10-18 18:38:56.101 : epoch:237 begin... 
20-10-18 18:38:56.724 : epoch:237 done! 
20-10-18 18:39:09.175 : epoch:238 begin... 
20-10-18 18:39:09.796 : epoch:238 done! 
20-10-18 18:39:23.182 : epoch:239 begin... 
20-10-18 18:39:23.808 : epoch:239 done! 
20-10-18 18:39:23.809 : Saving the model.
20-10-18 18:39:25.573 : ---1-->   baby.bmp | 14.93dB
20-10-18 18:39:25.653 : ---2-->   bird.bmp | 14.23dB
20-10-18 18:39:25.716 : ---3--> butterfly.bmp | 11.63dB
20-10-18 18:39:25.792 : ---4-->   head.bmp | 17.82dB
20-10-18 18:39:25.867 : ---5-->  woman.bmp | 14.90dB
20-10-18 18:39:26.362 : <epoch:239, iter:     240, Average PSNR : 14.70dB

20-10-18 18:39:40.160 : epoch:240 begin... 
20-10-18 18:39:40.780 : epoch:240 done! 
20-10-18 18:39:57.510 : epoch:241 begin... 
20-10-18 18:39:58.139 : epoch:241 done! 
20-10-18 18:40:11.799 : epoch:242 begin... 
20-10-18 18:40:12.425 : epoch:242 done! 
20-10-18 18:40:27.145 : epoch:243 begin... 
20-10-18 18:40:27.768 : epoch:243 done! 
20-10-18 18:40:42.184 : epoch:244 begin... 
20-10-18 18:40:42.804 : epoch:244 done! 
20-10-18 18:40:42.805 : Saving the model.
20-10-18 18:40:44.486 : ---1-->   baby.bmp | 14.80dB
20-10-18 18:40:44.564 : ---2-->   bird.bmp | 14.35dB
20-10-18 18:40:44.625 : ---3--> butterfly.bmp | 11.65dB
20-10-18 18:40:44.699 : ---4-->   head.bmp | 17.97dB
20-10-18 18:40:44.774 : ---5-->  woman.bmp | 14.77dB
20-10-18 18:40:45.006 : <epoch:244, iter:     245, Average PSNR : 14.71dB

20-10-18 18:40:59.139 : epoch:245 begin... 
20-10-18 18:40:59.763 : epoch:245 done! 
20-10-18 18:41:14.076 : epoch:246 begin... 
20-10-18 18:41:14.697 : epoch:246 done! 
20-10-18 18:41:28.851 : epoch:247 begin... 
20-10-18 18:41:29.471 : epoch:247 done! 
20-10-18 18:41:45.494 : epoch:248 begin... 
20-10-18 18:41:46.121 : epoch:248 done! 
20-10-18 18:41:59.719 : epoch:249 begin... 
20-10-18 18:42:00.340 : epoch:249 done! 
20-10-18 18:42:00.340 : Saving the model.
20-10-18 18:42:01.928 : ---1-->   baby.bmp | 15.17dB
20-10-18 18:42:02.006 : ---2-->   bird.bmp | 14.15dB
20-10-18 18:42:02.065 : ---3--> butterfly.bmp | 11.62dB
20-10-18 18:42:02.426 : ---4-->   head.bmp | 18.36dB
20-10-18 18:42:02.500 : ---5-->  woman.bmp | 14.91dB
20-10-18 18:42:02.743 : <epoch:249, iter:     250, Average PSNR : 14.84dB

20-10-18 18:42:17.734 : epoch:250 begin... 
20-10-18 18:42:18.356 : epoch:250 done! 
20-10-18 18:42:35.219 : epoch:251 begin... 
20-10-18 18:42:35.848 : epoch:251 done! 
20-10-18 18:42:51.995 : epoch:252 begin... 
20-10-18 18:42:52.617 : epoch:252 done! 
20-10-18 18:43:05.700 : epoch:253 begin... 
20-10-18 18:43:06.321 : epoch:253 done! 
20-10-18 18:43:19.286 : epoch:254 begin... 
20-10-18 18:43:19.911 : epoch:254 done! 
20-10-18 18:43:19.912 : Saving the model.
20-10-18 18:43:21.567 : ---1-->   baby.bmp | 15.20dB
20-10-18 18:43:21.645 : ---2-->   bird.bmp | 14.26dB
20-10-18 18:43:21.708 : ---3--> butterfly.bmp | 11.73dB
20-10-18 18:43:22.094 : ---4-->   head.bmp | 18.40dB
20-10-18 18:43:22.168 : ---5-->  woman.bmp | 15.04dB
20-10-18 18:43:22.402 : <epoch:254, iter:     255, Average PSNR : 14.93dB

20-10-18 18:43:37.653 : epoch:255 begin... 
20-10-18 18:43:38.275 : epoch:255 done! 
20-10-18 18:43:52.572 : epoch:256 begin... 
20-10-18 18:43:53.193 : epoch:256 done! 
20-10-18 18:44:06.911 : epoch:257 begin... 
20-10-18 18:44:07.536 : epoch:257 done! 
20-10-18 18:44:21.618 : epoch:258 begin... 
20-10-18 18:44:22.240 : epoch:258 done! 
20-10-18 18:44:35.505 : epoch:259 begin... 
20-10-18 18:44:36.126 : epoch:259 done! 
20-10-18 18:44:36.127 : Saving the model.
20-10-18 18:44:37.800 : ---1-->   baby.bmp | 15.37dB
20-10-18 18:44:37.879 : ---2-->   bird.bmp | 14.30dB
20-10-18 18:44:37.939 : ---3--> butterfly.bmp | 11.78dB
20-10-18 18:44:38.014 : ---4-->   head.bmp | 18.54dB
20-10-18 18:44:38.087 : ---5-->  woman.bmp | 15.20dB
20-10-18 18:44:38.323 : <epoch:259, iter:     260, Average PSNR : 15.04dB

20-10-18 18:44:53.538 : epoch:260 begin... 
20-10-18 18:44:54.166 : epoch:260 done! 
20-10-18 18:45:08.915 : epoch:261 begin... 
20-10-18 18:45:09.537 : epoch:261 done! 
20-10-18 18:45:22.657 : epoch:262 begin... 
20-10-18 18:45:23.279 : epoch:262 done! 
20-10-18 18:45:36.068 : epoch:263 begin... 
20-10-18 18:45:36.694 : epoch:263 done! 
20-10-18 18:45:49.873 : epoch:264 begin... 
20-10-18 18:45:50.493 : epoch:264 done! 
20-10-18 18:45:50.494 : Saving the model.
20-10-18 18:45:52.318 : ---1-->   baby.bmp | 15.07dB
20-10-18 18:45:52.399 : ---2-->   bird.bmp | 14.33dB
20-10-18 18:45:52.460 : ---3--> butterfly.bmp | 11.77dB
20-10-18 18:45:52.539 : ---4-->   head.bmp | 17.97dB
20-10-18 18:45:52.618 : ---5-->  woman.bmp | 14.98dB
20-10-18 18:45:52.867 : <epoch:264, iter:     265, Average PSNR : 14.82dB

20-10-18 18:46:06.095 : epoch:265 begin... 
20-10-18 18:46:06.717 : epoch:265 done! 
20-10-18 18:46:20.319 : epoch:266 begin... 
20-10-18 18:46:20.943 : epoch:266 done! 
20-10-18 18:46:38.758 : epoch:267 begin... 
20-10-18 18:46:39.389 : epoch:267 done! 
20-10-18 18:46:53.192 : epoch:268 begin... 
20-10-18 18:46:53.815 : epoch:268 done! 
20-10-18 18:47:06.579 : epoch:269 begin... 
20-10-18 18:47:07.204 : epoch:269 done! 
20-10-18 18:47:07.204 : Saving the model.
20-10-18 18:47:08.898 : ---1-->   baby.bmp | 14.85dB
20-10-18 18:47:08.979 : ---2-->   bird.bmp | 14.29dB
20-10-18 18:47:09.041 : ---3--> butterfly.bmp | 11.70dB
20-10-18 18:47:09.116 : ---4-->   head.bmp | 17.85dB
20-10-18 18:47:09.192 : ---5-->  woman.bmp | 14.80dB
20-10-18 18:47:09.488 : <epoch:269, iter:     270, Average PSNR : 14.70dB

20-10-18 18:47:23.715 : epoch:270 begin... 
20-10-18 18:47:24.338 : epoch:270 done! 
20-10-18 18:47:38.043 : epoch:271 begin... 
20-10-18 18:47:38.666 : epoch:271 done! 
20-10-18 18:47:51.787 : epoch:272 begin... 
20-10-18 18:47:52.412 : epoch:272 done! 
20-10-18 18:48:08.075 : epoch:273 begin... 
20-10-18 18:48:08.698 : epoch:273 done! 
20-10-18 18:48:22.846 : epoch:274 begin... 
20-10-18 18:48:23.468 : epoch:274 done! 
20-10-18 18:48:23.468 : Saving the model.
20-10-18 18:48:26.087 : ---1-->   baby.bmp | 15.12dB
20-10-18 18:48:26.172 : ---2-->   bird.bmp | 14.17dB
20-10-18 18:48:26.242 : ---3--> butterfly.bmp | 11.67dB
20-10-18 18:48:26.323 : ---4-->   head.bmp | 18.37dB
20-10-18 18:48:26.400 : ---5-->  woman.bmp | 15.00dB
20-10-18 18:48:26.638 : <epoch:274, iter:     275, Average PSNR : 14.87dB

20-10-18 18:48:45.774 : epoch:275 begin... 
20-10-18 18:48:46.403 : epoch:275 done! 
20-10-18 18:48:59.942 : epoch:276 begin... 
20-10-18 18:49:00.562 : epoch:276 done! 
20-10-18 18:49:14.687 : epoch:277 begin... 
20-10-18 18:49:15.309 : epoch:277 done! 
20-10-18 18:49:28.663 : epoch:278 begin... 
20-10-18 18:49:29.288 : epoch:278 done! 
20-10-18 18:49:44.496 : epoch:279 begin... 
20-10-18 18:49:45.117 : epoch:279 done! 
20-10-18 18:49:45.117 : Saving the model.
20-10-18 18:49:46.992 : ---1-->   baby.bmp | 15.10dB
20-10-18 18:49:47.078 : ---2-->   bird.bmp | 14.20dB
20-10-18 18:49:47.140 : ---3--> butterfly.bmp | 11.70dB
20-10-18 18:49:47.218 : ---4-->   head.bmp | 18.34dB
20-10-18 18:49:47.296 : ---5-->  woman.bmp | 14.98dB
20-10-18 18:49:47.541 : <epoch:279, iter:     280, Average PSNR : 14.87dB

20-10-18 18:50:00.647 : epoch:280 begin... 
20-10-18 18:50:01.269 : epoch:280 done! 
20-10-18 18:50:15.860 : epoch:281 begin... 
20-10-18 18:50:16.488 : epoch:281 done! 
20-10-18 18:50:30.269 : epoch:282 begin... 
20-10-18 18:50:30.891 : epoch:282 done! 
20-10-18 18:50:44.997 : epoch:283 begin... 
20-10-18 18:50:45.618 : epoch:283 done! 
20-10-18 18:50:59.550 : epoch:284 begin... 
20-10-18 18:51:00.171 : epoch:284 done! 
20-10-18 18:51:00.171 : Saving the model.
20-10-18 18:51:01.804 : ---1-->   baby.bmp | 15.04dB
20-10-18 18:51:01.881 : ---2-->   bird.bmp | 14.32dB
20-10-18 18:51:01.938 : ---3--> butterfly.bmp | 11.75dB
20-10-18 18:51:02.016 : ---4-->   head.bmp | 18.21dB
20-10-18 18:51:02.102 : ---5-->  woman.bmp | 14.98dB
20-10-18 18:51:02.367 : <epoch:284, iter:     285, Average PSNR : 14.86dB

20-10-18 18:51:17.431 : epoch:285 begin... 
20-10-18 18:51:18.055 : epoch:285 done! 
20-10-18 18:51:31.229 : epoch:286 begin... 
20-10-18 18:51:31.851 : epoch:286 done! 
20-10-18 18:51:45.702 : epoch:287 begin... 
20-10-18 18:51:46.323 : epoch:287 done! 
20-10-18 18:51:59.579 : epoch:288 begin... 
20-10-18 18:52:00.207 : epoch:288 done! 
20-10-18 18:52:14.095 : epoch:289 begin... 
20-10-18 18:52:14.716 : epoch:289 done! 
20-10-18 18:52:14.717 : Saving the model.
20-10-18 18:52:16.457 : ---1-->   baby.bmp | 14.81dB
20-10-18 18:52:16.532 : ---2-->   bird.bmp | 14.20dB
20-10-18 18:52:16.589 : ---3--> butterfly.bmp | 11.67dB
20-10-18 18:52:16.660 : ---4-->   head.bmp | 17.67dB
20-10-18 18:52:16.732 : ---5-->  woman.bmp | 14.73dB
20-10-18 18:52:16.979 : <epoch:289, iter:     290, Average PSNR : 14.62dB

20-10-18 18:52:30.899 : epoch:290 begin... 
20-10-18 18:52:31.520 : epoch:290 done! 
20-10-18 18:52:44.357 : epoch:291 begin... 
20-10-18 18:52:44.982 : epoch:291 done! 
20-10-18 18:52:58.856 : epoch:292 begin... 
20-10-18 18:52:59.478 : epoch:292 done! 
20-10-18 18:53:13.834 : epoch:293 begin... 
20-10-18 18:53:14.456 : epoch:293 done! 
20-10-18 18:53:28.282 : epoch:294 begin... 
20-10-18 18:53:28.907 : epoch:294 done! 
20-10-18 18:53:28.907 : Saving the model.
20-10-18 18:53:30.626 : ---1-->   baby.bmp | 14.70dB
20-10-18 18:53:30.710 : ---2-->   bird.bmp | 14.25dB
20-10-18 18:53:30.772 : ---3--> butterfly.bmp | 11.63dB
20-10-18 18:53:30.846 : ---4-->   head.bmp | 17.75dB
20-10-18 18:53:30.933 : ---5-->  woman.bmp | 14.58dB
20-10-18 18:53:31.369 : <epoch:294, iter:     295, Average PSNR : 14.58dB